0 info it worked if it ends with ok
1 verbose cli [ 'node', '/usr/local/bin/npm', 'install', '-g', 'cordova' ]
2 info using npm@2.7.4
3 info using node@v0.12.2
4 silly cache add args [ 'cordova', null ]
5 verbose cache add spec cordova
6 silly cache add parsed spec { raw: 'cordova',
6 silly cache add   scope: null,
6 silly cache add   name: 'cordova',
6 silly cache add   rawSpec: '',
6 silly cache add   spec: '*',
6 silly cache add   type: 'range' }
7 verbose addNamed cordova@*
8 silly addNamed semver.valid null
9 silly addNamed semver.validRange *
10 silly addNameRange { name: 'cordova', range: '*', hasData: false }
11 silly mapToRegistry name cordova
12 silly mapToRegistry using default registry
13 silly mapToRegistry registry https://registry.npmjs.org/
14 silly mapToRegistry uri https://registry.npmjs.org/cordova
15 verbose addNameRange registry:https://registry.npmjs.org/cordova not in flight; fetching
16 verbose request uri https://registry.npmjs.org/cordova
17 verbose request no auth needed
18 info attempt registry request try #1 at 08:33:05
19 verbose request id 088eeacfd670ec36
20 verbose etag "5PSCK3K9QIXWHROE81VZK14KK"
21 http request GET https://registry.npmjs.org/cordova
22 http 200 https://registry.npmjs.org/cordova
23 silly get cb [ 200,
23 silly get   { server: 'CouchDB/1.5.0 (Erlang OTP/R16B03)',
23 silly get     etag: '"AM0YE6CQNO9MGFZ9ACBFX9LHM"',
23 silly get     'content-type': 'application/json',
23 silly get     'cache-control': 'max-age=300',
23 silly get     'content-length': '376660',
23 silly get     'accept-ranges': 'bytes',
23 silly get     date: 'Tue, 22 Mar 2016 07:33:12 GMT',
23 silly get     via: '1.1 varnish',
23 silly get     age: '0',
23 silly get     connection: 'keep-alive',
23 silly get     'x-served-by': 'cache-fra1241-FRA',
23 silly get     'x-cache': 'HIT',
23 silly get     'x-cache-hits': '1',
23 silly get     'x-timer': 'S1458631992.470873,VS0,VE431',
23 silly get     vary: 'Accept' } ]
24 verbose get saving cordova to /Users/Triicky-PC/.npm/registry.npmjs.org/cordova/.cache.json
25 silly addNameRange number 2 { name: 'cordova', range: '*', hasData: true }
26 silly addNameRange versions [ 'cordova',
26 silly addNameRange   [ '0.0.1',
26 silly addNameRange     '0.0.2',
26 silly addNameRange     '0.0.3',
26 silly addNameRange     '0.0.4',
26 silly addNameRange     '0.0.5',
26 silly addNameRange     '0.0.6',
26 silly addNameRange     '0.0.7',
26 silly addNameRange     '0.0.8',
26 silly addNameRange     '0.0.9',
26 silly addNameRange     '0.1.0',
26 silly addNameRange     '0.1.1',
26 silly addNameRange     '0.1.2',
26 silly addNameRange     '0.1.3',
26 silly addNameRange     '0.1.4',
26 silly addNameRange     '0.1.5',
26 silly addNameRange     '0.1.6',
26 silly addNameRange     '0.1.7',
26 silly addNameRange     '0.1.8',
26 silly addNameRange     '0.1.9',
26 silly addNameRange     '0.1.10',
26 silly addNameRange     '0.1.11',
26 silly addNameRange     '0.1.12',
26 silly addNameRange     '0.1.13',
26 silly addNameRange     '0.1.14',
26 silly addNameRange     '2.2.0',
26 silly addNameRange     '2.3.0',
26 silly addNameRange     '2.3.1',
26 silly addNameRange     '2.3.2',
26 silly addNameRange     '2.3.3',
26 silly addNameRange     '2.3.5',
26 silly addNameRange     '2.3.6',
26 silly addNameRange     '2.4.0',
26 silly addNameRange     '2.4.1',
26 silly addNameRange     '2.4.2',
26 silly addNameRange     '2.4.3',
26 silly addNameRange     '2.4.4',
26 silly addNameRange     '2.4.5',
26 silly addNameRange     '2.4.6',
26 silly addNameRange     '2.4.7',
26 silly addNameRange     '2.4.8',
26 silly addNameRange     '2.4.9',
26 silly addNameRange     '2.4.10',
26 silly addNameRange     '2.5.0',
26 silly addNameRange     '2.5.2',
26 silly addNameRange     '2.5.3',
26 silly addNameRange     '2.5.4',
26 silly addNameRange     '2.5.5',
26 silly addNameRange     '2.6.0',
26 silly addNameRange     '2.6.1',
26 silly addNameRange     '2.6.2',
26 silly addNameRange     '2.7.0-rc.1',
26 silly addNameRange     '2.7.1-rc.1',
26 silly addNameRange     '2.7.2',
26 silly addNameRange     '2.7.3',
26 silly addNameRange     '2.7.4',
26 silly addNameRange     '2.8.0',
26 silly addNameRange     '2.8.1',
26 silly addNameRange     '2.8.2',
26 silly addNameRange     '2.8.3',
26 silly addNameRange     '2.8.4',
26 silly addNameRange     '2.8.5',
26 silly addNameRange     '2.8.6',
26 silly addNameRange     '2.8.7',
26 silly addNameRange     '2.8.8',
26 silly addNameRange     '2.8.9',
26 silly addNameRange     '2.8.10',
26 silly addNameRange     '2.8.11',
26 silly addNameRange     '2.8.12',
26 silly addNameRange     '2.8.13',
26 silly addNameRange     '2.8.14',
26 silly addNameRange     '2.8.15',
26 silly addNameRange     '2.8.16',
26 silly addNameRange     '2.8.17',
26 silly addNameRange     '2.8.18',
26 silly addNameRange     '2.8.19',
26 silly addNameRange     '2.8.20',
26 silly addNameRange     '2.8.21',
26 silly addNameRange     '2.8.22',
26 silly addNameRange     '2.8.23',
26 silly addNameRange     '2.8.24',
26 silly addNameRange     '2.8.25',
26 silly addNameRange     '2.9.0',
26 silly addNameRange     '2.9.1',
26 silly addNameRange     '2.9.2',
26 silly addNameRange     '2.9.3',
26 silly addNameRange     '2.9.4',
26 silly addNameRange     '2.9.5',
26 silly addNameRange     '2.9.6',
26 silly addNameRange     '2.9.7',
26 silly addNameRange     '3.0.0-rc1',
26 silly addNameRange     '3.0.0-rc1-1',
26 silly addNameRange     '3.0.0-rc1-3',
26 silly addNameRange     '3.0.0',
26 silly addNameRange     '3.0.1',
26 silly addNameRange     '3.0.2',
26 silly addNameRange     '3.0.3',
26 silly addNameRange     '3.0.4',
26 silly addNameRange     '3.0.5',
26 silly addNameRange     '3.0.6',
26 silly addNameRange     '3.0.7',
26 silly addNameRange     '3.0.8',
26 silly addNameRange     '3.0.9',
26 silly addNameRange     '3.0.10',
26 silly addNameRange     '3.1.0-0.1.0',
26 silly addNameRange     '3.1.0-0.2.0',
26 silly addNameRange     '3.2.0-rc.1',
26 silly addNameRange     '3.2.0-0.1.0',
26 silly addNameRange     '3.2.0-0.2.0',
26 silly addNameRange     '3.2.0-0.3.0',
26 silly addNameRange     '3.2.0-0.4.0',
26 silly addNameRange     '3.3.0-rc.1',
26 silly addNameRange     '3.3.0-0.1.1',
26 silly addNameRange     '3.3.1-0.1.2',
26 silly addNameRange     '2.9.0-rc1',
26 silly addNameRange     '3.3.1-0.3.0',
26 silly addNameRange     '3.3.1-0.3.1',
26 silly addNameRange     '3.3.1-0.4.1',
26 silly addNameRange     '3.3.1-0.4.2',
26 silly addNameRange     '3.4.0-0.1.0',
26 silly addNameRange     '3.4.0-0.1.1',
26 silly addNameRange     '3.4.0-0.1.2',
26 silly addNameRange     '3.4.0-0.1.3',
26 silly addNameRange     '0.0.0-fake',
26 silly addNameRange     '3.4.1-0.1.0',
26 silly addNameRange     '3.5.0-0.2.0',
26 silly addNameRange     '3.5.0-0.2.1',
26 silly addNameRange     '3.5.0-0.2.2',
26 silly addNameRange     '3.5.0-0.2.3',
26 silly addNameRange     '3.5.0-0.2.4',
26 silly addNameRange     '3.5.0-0.2.6',
26 silly addNameRange     '3.5.0-0.2.7',
26 silly addNameRange     '3.6.0-0.2.8',
26 silly addNameRange     '3.6.0-0.2.9',
26 silly addNameRange     '3.6.1-0.2.10',
26 silly addNameRange     '3.6.3-0.2.11',
26 silly addNameRange     '3.6.3-0.2.12',
26 silly addNameRange     '3.6.3-0.2.13',
26 silly addNameRange     '4.0.0',
26 silly addNameRange     '4.0.1',
26 silly addNameRange     '4.1.0',
26 silly addNameRange     '4.1.1',
26 silly addNameRange     '4.1.2',
26 silly addNameRange     '4.1.3-nightly.2014.10.21',
26 silly addNameRange     '4.2.0',
26 silly addNameRange     '4.3.0',
26 silly addNameRange     '5.0.0',
26 silly addNameRange     '4.3.1',
26 silly addNameRange     '5.1.1',
26 silly addNameRange     '5.2.0',
26 silly addNameRange     '5.3.1',
26 silly addNameRange     '5.3.3',
26 silly addNameRange     '5.4.0',
26 silly addNameRange     '5.4.1',
26 silly addNameRange     '6.0.0' ] ]
27 verbose addNamed cordova@6.0.0
28 silly addNamed semver.valid 6.0.0
29 silly addNamed semver.validRange 6.0.0
30 silly mapToRegistry name cordova
31 silly mapToRegistry using default registry
32 silly mapToRegistry registry https://registry.npmjs.org/
33 silly mapToRegistry uri https://registry.npmjs.org/cordova
34 verbose addRemoteTarball https://registry.npmjs.org/cordova/-/cordova-6.0.0.tgz not in flight; adding
35 verbose addRemoteTarball [ 'https://registry.npmjs.org/cordova/-/cordova-6.0.0.tgz',
35 verbose addRemoteTarball   '2c1e75a9c0dd6cee8381d5608870087ab44f3e68' ]
36 info retry fetch attempt 1 at 08:33:16
37 info attempt registry request try #1 at 08:33:16
38 http fetch GET https://registry.npmjs.org/cordova/-/cordova-6.0.0.tgz
39 http fetch 200 https://registry.npmjs.org/cordova/-/cordova-6.0.0.tgz
40 silly fetchAndShaCheck shasum 2c1e75a9c0dd6cee8381d5608870087ab44f3e68
41 verbose addTmpTarball /var/folders/1n/qr9ttx917p9_x5h7_z1fgqzh0000gn/T/npm-55458-f9891ffb/registry.npmjs.org/cordova/-/cordova-6.0.0.tgz not in flight; adding
42 verbose addTmpTarball already have metadata; skipping unpack for cordova@6.0.0
43 silly cache afterAdd cordova@6.0.0
44 verbose afterAdd /Users/Triicky-PC/.npm/cordova/6.0.0/package/package.json not in flight; writing
45 verbose afterAdd /Users/Triicky-PC/.npm/cordova/6.0.0/package/package.json written
46 silly install resolved [ { name: 'cordova',
46 silly install resolved     version: '6.0.0',
46 silly install resolved     preferGlobal: 'true',
46 silly install resolved     description: 'Cordova command line interface tool',
46 silly install resolved     main: 'cordova',
46 silly install resolved     engines: { node: '>=0.9.9' },
46 silly install resolved     engineStrict: true,
46 silly install resolved     bin: { cordova: './bin/cordova' },
46 silly install resolved     scripts:
46 silly install resolved      { test: 'node node_modules/jasmine-node/bin/jasmine-node --captureExceptions --color spec',
46 silly install resolved        cover: 'node node_modules/istanbul/lib/cli.js cover --root src --print detail node_modules/jasmine-node/bin/jasmine-node -- spec' },
46 silly install resolved     repository:
46 silly install resolved      { type: 'git',
46 silly install resolved        url: 'https://git-wip-us.apache.org/repos/asf/cordova-cli.git' },
46 silly install resolved     bugs:
46 silly install resolved      { url: 'https://issues.apache.org/jira/browse/CB',
46 silly install resolved        email: 'dev@cordova.apache.org' },
46 silly install resolved     keywords: [ 'cordova', 'client', 'cli' ],
46 silly install resolved     dependencies:
46 silly install resolved      { ansi: '^0.3.0',
46 silly install resolved        'cordova-lib': '6.0.0',
46 silly install resolved        q: '1.0.1',
46 silly install resolved        nopt: '3.0.1',
46 silly install resolved        underscore: '1.7.0',
46 silly install resolved        'update-notifier': '^0.5.0' },
46 silly install resolved     devDependencies:
46 silly install resolved      { istanbul: '^0.3.4',
46 silly install resolved        grunt: '0.4.5',
46 silly install resolved        'grunt-retire': '0.3.7',
46 silly install resolved        'jasmine-node': '1.14.5' },
46 silly install resolved     author: { name: 'Anis Kadri' },
46 silly install resolved     contributors:
46 silly install resolved      [ [Object],
46 silly install resolved        [Object],
46 silly install resolved        [Object],
46 silly install resolved        [Object],
46 silly install resolved        [Object],
46 silly install resolved        [Object],
46 silly install resolved        [Object],
46 silly install resolved        [Object],
46 silly install resolved        [Object],
46 silly install resolved        [Object],
46 silly install resolved        [Object],
46 silly install resolved        [Object],
46 silly install resolved        [Object],
46 silly install resolved        [Object],
46 silly install resolved        [Object],
46 silly install resolved        [Object],
46 silly install resolved        [Object],
46 silly install resolved        [Object],
46 silly install resolved        [Object],
46 silly install resolved        [Object],
46 silly install resolved        [Object],
46 silly install resolved        [Object],
46 silly install resolved        [Object],
46 silly install resolved        [Object] ],
46 silly install resolved     license: 'Apache version 2.0',
46 silly install resolved     _id: 'cordova@6.0.0',
46 silly install resolved     _shasum: '2c1e75a9c0dd6cee8381d5608870087ab44f3e68',
46 silly install resolved     _resolved: 'https://registry.npmjs.org/cordova/-/cordova-6.0.0.tgz',
46 silly install resolved     _from: 'cordova@*',
46 silly install resolved     _npmVersion: '3.5.3',
46 silly install resolved     _nodeVersion: '5.4.1',
46 silly install resolved     _npmUser: { name: 'stevegill', email: 'stevengill97@gmail.com' },
46 silly install resolved     dist:
46 silly install resolved      { shasum: '2c1e75a9c0dd6cee8381d5608870087ab44f3e68',
46 silly install resolved        tarball: 'http://registry.npmjs.org/cordova/-/cordova-6.0.0.tgz' },
46 silly install resolved     maintainers:
46 silly install resolved      [ [Object],
46 silly install resolved        [Object],
46 silly install resolved        [Object],
46 silly install resolved        [Object],
46 silly install resolved        [Object],
46 silly install resolved        [Object],
46 silly install resolved        [Object],
46 silly install resolved        [Object],
46 silly install resolved        [Object],
46 silly install resolved        [Object],
46 silly install resolved        [Object],
46 silly install resolved        [Object],
46 silly install resolved        [Object],
46 silly install resolved        [Object],
46 silly install resolved        [Object],
46 silly install resolved        [Object],
46 silly install resolved        [Object],
46 silly install resolved        [Object] ],
46 silly install resolved     directories: {} } ]
47 info install cordova@6.0.0 into /usr/local/lib
48 info installOne cordova@6.0.0
49 verbose installOne of cordova to /usr/local/lib not in flight; installing
50 verbose lock using /Users/Triicky-PC/.npm/_locks/cordova-fa12e2e096426a32.lock for /usr/local/lib/node_modules/cordova
51 silly install write writing cordova 6.0.0 to /usr/local/lib/node_modules/cordova
52 silly cache addNamed cb cordova@6.0.0
53 verbose unbuild lib/node_modules/cordova
54 info preuninstall cordova@5.4.1
55 info uninstall cordova@5.4.1
56 verbose unbuild rmStuff cordova@5.4.1 from /usr/local/lib/node_modules
57 silly gentlyRm /usr/local/bin/cordova is being gently removed
58 silly gentlyRm verifying /usr/local is an npm working directory
59 silly gentlyRm containing path /usr/local is under npm's control, in /usr/local
60 silly gentlyRm deletion target /usr/local/bin/cordova is under /usr/local
61 verbose gentlyRm vacuuming from /usr/local/bin/cordova up to /usr/local
62 silly vacuum-fs removing /usr/local/bin/cordova
63 verbose unlock done using /Users/Triicky-PC/.npm/_locks/cordova-fa12e2e096426a32.lock for /usr/local/lib/node_modules/cordova
64 verbose stack Error: EACCES, unlink '/usr/local/bin/cordova'
64 verbose stack     at Error (native)
65 verbose cwd /Applications/MAMP/htdocs/Cordova/Potager
66 error Darwin 15.0.0
67 error argv "node" "/usr/local/bin/npm" "install" "-g" "cordova"
68 error node v0.12.2
69 error npm  v2.7.4
70 error path /usr/local/bin/cordova
71 error code EACCES
72 error errno -13
73 error Error: EACCES, unlink '/usr/local/bin/cordova'
73 error     at Error (native)
73 error  { [Error: EACCES, unlink '/usr/local/bin/cordova'] errno: -13, code: 'EACCES', path: '/usr/local/bin/cordova' }
74 error Please try running this command again as root/Administrator.
75 verbose exit [ -13, true ]
76 verbose unbuild lib/node_modules/cordova
77 info preuninstall cordova@5.4.1
78 info uninstall cordova@5.4.1
79 verbose unbuild rmStuff cordova@5.4.1 from /usr/local/lib/node_modules
80 silly gentlyRm /usr/local/bin/cordova is being gently removed
81 silly gentlyRm verifying /usr/local is an npm working directory
82 silly gentlyRm containing path /usr/local is under npm's control, in /usr/local
83 silly gentlyRm deletion target /usr/local/bin/cordova is under /usr/local
84 verbose gentlyRm vacuuming from /usr/local/bin/cordova up to /usr/local
85 silly vacuum-fs removing /usr/local/bin/cordova
86 error error rolling back Error: EACCES, unlink '/usr/local/bin/cordova'
86 error error rolling back     at Error (native)
86 error error rolling back  { [Error: EACCES, unlink '/usr/local/bin/cordova'] errno: -13, code: 'EACCES', path: '/usr/local/bin/cordova' }
